#
# A fatal error has been detected by the Java Runtime Environment:
#
#  SIGSEGV (0xb) at pc=0x00007f51e0d80a78, pid=365, tid=139989340870400
#
# JRE version: 7.0_21-b11
# Java VM: Java HotSpot(TM) 64-Bit Server VM (23.21-b01 mixed mode linux-amd64 compressed oops)
# Problematic frame:
# v  ~BufferBlob::vtable chunks
#
# Failed to write core dump. Core dumps have been disabled. To enable core dumping, try "ulimit -c unlimited" before starting Java again
#
# If you would like to submit a bug report, please visit:
#   http://bugreport.sun.com/bugreport/crash.jsp
#

---------------  T H R E A D  ---------------

Current thread (0x00007f51d8571000):  JavaThread "AWT-EventQueue-0" [_thread_in_Java, id=387, stack(0x00007f51cedf5000,0x00007f51ceef6000)]

siginfo:si_signo=SIGSEGV: si_errno=0, si_code=1 (SEGV_MAPERR), si_addr=0x000000017ac509dc

Registers:
RAX=0x00000000bd6284e0, RBX=0x00000000bd45cc68, RCX=0x0000000000000001, RDX=0x0000000000000073
RSP=0x00007f51ceef3548, RBP=0x00000000ec69b2d8, RSI=0x00000000c2160948, RDI=0x0000000000000000
R8 =0x00000000ec69b2c0, R9 =0x00000000ec69b2c0, R10=0x00000000bce0b6c0, R11=0x0000000000000028
R12=0x0000000000000000, R13=0x00007f51ceef35a8, R14=0x0000000000000000, R15=0x00007f51d8571000
RIP=0x00007f51e0d80a78, EFLAGS=0x0000000000010203, CSGSFS=0x0000000000000033, ERR=0x0000000000000006
  TRAPNO=0x000000000000000e

Top of Stack: (sp=0x00007f51ceef3548)
0x00007f51ceef3548:   00007f51e0db2980 0000000000000000
0x00007f51ceef3558:   00000000ebccb4c8 0000000000000000
0x00007f51ceef3568:   00000000c2160948 00000000ec69b2c0
0x00007f51ceef3578:   00007f5100000001 000000000000021c
0x00007f51ceef3588:   00007f51ceef3588 00007f51ceef3608
0x00007f51ceef3598:   00007f51e0cf7450 00007f51e0cf7450
0x00007f51ceef35a8:   00000000ec69b2c0 0000000000000001
0x00007f51ceef35b8:   00000000ebccb4c8 00000000c2160948
0x00007f51ceef35c8:   00007f51ceef35c8 00000000bd45f65f
0x00007f51ceef35d8:   00007f51ceef3648 00000000bd45fdf8
0x00007f51ceef35e8:   0000000000000000 00000000bd45f710
0x00007f51ceef35f8:   00007f51ceef35a8 00007f51ceef3628
0x00007f51ceef3608:   00007f51ceef3690 00007f51e0cf7450
0x00007f51ceef3618:   0000000000000000 0000000000000000
0x00007f51ceef3628:   00000000ec69b2c0 0000000000000000
0x00007f51ceef3638:   0000000000000001 00000000ebccb4c8
0x00007f51ceef3648:   00000000c2160910 00007f51ceef3650
0x00007f51ceef3658:   00000000bd45f53e 00007f51ceef36c0
0x00007f51ceef3668:   00000000bd45fdf8 0000000000000000
0x00007f51ceef3678:   00000000bd45f570 00007f51ceef3628
0x00007f51ceef3688:   00007f51ceef36a8 00007f51ceef3708
0x00007f51ceef3698:   00007f51e0cf7450 0000000000000000
0x00007f51ceef36a8:   00000000ec69b2c0 0000000000000001
0x00007f51ceef36b8:   00000000ebccb4c8 00000000c2160910
0x00007f51ceef36c8:   00007f51ceef36c8 00000000bd45b7f4
0x00007f51ceef36d8:   00007f51ceef3740 00000000bd460038
0x00007f51ceef36e8:   00000000bd78a478 00000000bd45b810
0x00007f51ceef36f8:   00007f51ceef36a8 00007f51ceef3728
0x00007f51ceef3708:   00007f51ceef3788 00007f51e0cf7450
0x00007f51ceef3718:   0000000000000000 00000000ffffffff
0x00007f51ceef3728:   00000000ec69b2c0 0000000000000001
0x00007f51ceef3738:   00000000ebccb4c8 00000000c21608f8 

Instructions: (pc=0x00007f51e0d80a78)
0x00007f51e0d80a58:   00 00 00 00 00 00 00 00 00 00 00 00 00 00 00 00
0x00007f51e0d80a68:   00 00 00 00 00 00 00 00 00 00 00 00 00 00 00 00
0x00007f51e0d80a78:   00 64 00 1c 0a 24 00 00 00 00 00 00 00 00 00 00
0x00007f51e0d80a88:   00 00 00 00 00 00 00 00 00 00 00 00 00 00 00 00 

Register to memory mapping:

RAX=0x00000000bd6284e0 is an oop
{method} 
 - klass: {other class}
RBX=0x00000000bd45cc68 is an oop
{method} 
 - klass: {other class}
RCX=0x0000000000000001 is an unknown value
RDX=0x0000000000000073 is an unknown value
RSP=0x00007f51ceef3548 is pointing into the stack for thread: 0x00007f51d8571000
RBP=0x00000000ec69b2d8 is an oop
[C 
 - klass: {type array char}
 - length: 40
RSI=0x00000000c2160948 is an oop
java.util.regex.Pattern$BitClass 
 - klass: 'java/util/regex/Pattern$BitClass'
RDI=0x0000000000000000 is an unknown value
R8 =0x00000000ec69b2c0 is an oop
java.lang.String 
 - klass: 'java/lang/String'
R9 =0x00000000ec69b2c0 is an oop
java.lang.String 
 - klass: 'java/lang/String'
R10=0x00000000bce0b6c0 is an oop
{instance class} 
 - klass: {other class}
R11=0x0000000000000028 is an unknown value
R12=0x0000000000000000 is an unknown value
R13=0x00007f51ceef35a8 is pointing into the stack for thread: 0x00007f51d8571000
R14=0x0000000000000000 is an unknown value
R15=0x00007f51d8571000 is a thread


Stack: [0x00007f51cedf5000,0x00007f51ceef6000],  sp=0x00007f51ceef3548,  free space=1017k
Native frames: (J=compiled Java code, j=interpreted, Vv=VM code, C=native code)
v  ~BufferBlob::vtable chunks


---------------  P R O C E S S  ---------------

Java Threads: ( => current thread )
  0x00007f51d8583800 JavaThread "DestroyJavaVM" [_thread_blocked, id=370, stack(0x00007f51e5f9c000,0x00007f51e609d000)]
  0x00007f51d8581800 JavaThread "TimerQueue" daemon [_thread_blocked, id=388, stack(0x00007f51cecf4000,0x00007f51cedf5000)]
=>0x00007f51d8571000 JavaThread "AWT-EventQueue-0" [_thread_in_Java, id=387, stack(0x00007f51cedf5000,0x00007f51ceef6000)]
  0x00007f51d856f800 JavaThread "AWT-Shutdown" [_thread_blocked, id=386, stack(0x00007f51ceef6000,0x00007f51ceff7000)]
  0x00007f51d8184000 JavaThread "AWT-XAWT" daemon [_thread_in_native, id=385, stack(0x00007f51d6335000,0x00007f51d6436000)]
  0x00007f51d8134000 JavaThread "Java2D Disposer" daemon [_thread_blocked, id=384, stack(0x00007f51d6846000,0x00007f51d6947000)]
  0x00007f51d8054800 JavaThread "Service Thread" daemon [_thread_blocked, id=381, stack(0x00007f51dc1ec000,0x00007f51dc2ed000)]
  0x00007f51d8052000 JavaThread "C2 CompilerThread1" daemon [_thread_blocked, id=380, stack(0x00007f51dc2ed000,0x00007f51dc3ee000)]
  0x00007f51d804f000 JavaThread "C2 CompilerThread0" daemon [_thread_blocked, id=379, stack(0x00007f51dc3ee000,0x00007f51dc4ef000)]
  0x00007f51d804d000 JavaThread "Signal Dispatcher" daemon [_thread_blocked, id=378, stack(0x00007f51dc4ef000,0x00007f51dc5f0000)]
  0x00007f51d8001000 JavaThread "Finalizer" daemon [_thread_blocked, id=377, stack(0x00007f51dc5f0000,0x00007f51dc6f1000)]
  0x0000000001fa5800 JavaThread "Reference Handler" daemon [_thread_blocked, id=376, stack(0x00007f51dc6f1000,0x00007f51dc7f2000)]

Other Threads:
  0x0000000001f9e000 VMThread [stack: 0x00007f51dc7f2000,0x00007f51dc8f3000] [id=375]
  0x00007f51d805f800 WatcherThread [stack: 0x00007f51dc0eb000,0x00007f51dc1ec000] [id=382]

VM state:not at safepoint (normal execution)

VM Mutex/Monitor currently owned by a thread: None

Heap
 PSYoungGen      total 18496K, used 10384K [0x00000000eb560000, 0x00000000ed980000, 0x0000000100000000)
  eden space 15872K, 49% used [0x00000000eb560000,0x00000000ebcfaa28,0x00000000ec4e0000)
  from space 2624K, 99% used [0x00000000ec4e0000,0x00000000ec7697b0,0x00000000ec770000)
  to   space 2624K, 0% used [0x00000000ed6f0000,0x00000000ed6f0000,0x00000000ed980000)
 ParOldGen       total 42368K, used 1477K [0x00000000c2000000, 0x00000000c4960000, 0x00000000eb560000)
  object space 42368K, 3% used [0x00000000c2000000,0x00000000c2171430,0x00000000c4960000)
 PSPermGen       total 21248K, used 9776K [0x00000000bce00000, 0x00000000be2c0000, 0x00000000c2000000)
  object space 21248K, 46% used [0x00000000bce00000,0x00000000bd78c390,0x00000000be2c0000)

Card table byte_map: [0x00007f51e0a17000,0x00007f51e0c31000] byte_map_base: 0x00007f51e0430000

Polling page: 0x00007f51e60d5000

Code Cache  [0x00007f51e0cf1000, 0x00007f51e0f61000, 0x00007f51e3cf1000)
 total_blobs=600 nmethods=152 adapters=400 free_code_cache=48178Kb largest_free_block=49291072

Compilation events (10 events):
Event: 3.372 Thread 0x00007f51d8052000 nmethod 146 0x00007f51e0dd2990 code [0x00007f51e0dd2ac0, 0x00007f51e0dd2b18]
Event: 3.372 Thread 0x00007f51d8052000  147             sun.misc.FpUtils::getExponent (17 bytes)
Event: 3.372 Thread 0x00007f51d8052000 nmethod 147 0x00007f51e0dd2790 code [0x00007f51e0dd28c0, 0x00007f51e0dd2918]
Event: 3.372 Thread 0x00007f51d8052000  148             java.lang.StrictMath::floor (12 bytes)
Event: 3.373 Thread 0x00007f51d804f000 nmethod 145 0x00007f51e0db2cd0 code [0x00007f51e0db2e40, 0x00007f51e0db2f18]
Event: 3.373 Thread 0x00007f51d804f000  149             java.lang.StrictMath::floorOrCeil (128 bytes)
Event: 3.373 Thread 0x00007f51d8052000 nmethod 148 0x00007f51e0db31d0 code [0x00007f51e0db3340, 0x00007f51e0db3418]
Event: 3.374 Thread 0x00007f51d804f000 nmethod 149 0x00007f51e0dd4050 code [0x00007f51e0dd41a0, 0x00007f51e0dd4278]
Event: 3.396 Thread 0x00007f51d8052000  150             java.util.regex.Pattern$BmpCharProperty::match (50 bytes)
Event: 3.399 Thread 0x00007f51d8052000 nmethod 150 0x00007f51e0db2790 code [0x00007f51e0db2900, 0x00007f51e0db2a98]

GC Heap History (2 events):
Event: 0.951 GC heap before
{Heap before GC invocations=1 (full 0):
 PSYoungGen      total 18496K, used 15872K [0x00000000eb560000, 0x00000000eca00000, 0x0000000100000000)
  eden space 15872K, 100% used [0x00000000eb560000,0x00000000ec4e0000,0x00000000ec4e0000)
  from space 2624K, 0% used [0x00000000ec770000,0x00000000ec770000,0x00000000eca00000)
  to   space 2624K, 0% used [0x00000000ec4e0000,0x00000000ec4e0000,0x00000000ec770000)
 ParOldGen       total 42368K, used 0K [0x00000000c2000000, 0x00000000c4960000, 0x00000000eb560000)
  object space 42368K, 0% used [0x00000000c2000000,0x00000000c2000000,0x00000000c4960000)
 PSPermGen       total 21248K, used 9373K [0x00000000bce00000, 0x00000000be2c0000, 0x00000000c2000000)
  object space 21248K, 44% used [0x00000000bce00000,0x00000000bd727638,0x00000000be2c0000)
Event: 0.961 GC heap after
Heap after GC invocations=1 (full 0):
 PSYoungGen      total 18496K, used 2597K [0x00000000eb560000, 0x00000000ed980000, 0x0000000100000000)
  eden space 15872K, 0% used [0x00000000eb560000,0x00000000eb560000,0x00000000ec4e0000)
  from space 2624K, 99% used [0x00000000ec4e0000,0x00000000ec7697b0,0x00000000ec770000)
  to   space 2624K, 0% used [0x00000000ed6f0000,0x00000000ed6f0000,0x00000000ed980000)
 ParOldGen       total 42368K, used 1477K [0x00000000c2000000, 0x00000000c4960000, 0x00000000eb560000)
  object space 42368K, 3% used [0x00000000c2000000,0x00000000c2171430,0x00000000c4960000)
 PSPermGen       total 21248K, used 9373K [0x00000000bce00000, 0x00000000be2c0000, 0x00000000c2000000)
  object space 21248K, 44% used [0x00000000bce00000,0x00000000bd727638,0x00000000be2c0000)
}

Deoptimization events (10 events):
Event: 0.696 Thread 0x0000000001f15000 Uncommon trap -83 fr.pc 0x00007f51e0d88874
Event: 0.734 Thread 0x0000000001f15000 Uncommon trap -34 fr.pc 0x00007f51e0d85190
Event: 0.753 Thread 0x0000000001f15000 Uncommon trap -34 fr.pc 0x00007f51e0d85190
Event: 0.753 Thread 0x0000000001f15000 Uncommon trap -34 fr.pc 0x00007f51e0d85190
Event: 0.819 Thread 0x00007f51d8184000 Uncommon trap -83 fr.pc 0x00007f51e0d7dbec
Event: 0.820 Thread 0x00007f51d8184000 Uncommon trap -34 fr.pc 0x00007f51e0d85190
Event: 0.831 Thread 0x00007f51d8184000 Uncommon trap -83 fr.pc 0x00007f51e0d7f180
Event: 0.869 Thread 0x00007f51d8571000 Uncommon trap -83 fr.pc 0x00007f51e0d80d7c
Event: 0.873 Thread 0x00007f51d8571000 Uncommon trap -83 fr.pc 0x00007f51e0d9ec70
Event: 0.880 Thread 0x00007f51d8571000 Uncommon trap 45 fr.pc 0x00007f51e0d77028

Internal exceptions (10 events):
Event: 0.848 Thread 0x00007f51d8571000 Threw 0x00000000ebf8caa0 at /HUDSON/workspace/jdk7u21-2-build-linux-amd64-product/jdk7u21/hotspot/src/share/vm/prims/jvm.cpp:1166
Event: 0.869 Thread 0x00007f51d8571000 Implicit null exception at 0x00007f51e0d80ce0 to 0x00007f51e0d80d61
Event: 0.873 Thread 0x00007f51d8571000 Implicit null exception at 0x00007f51e0d9dd06 to 0x00007f51e0d9ec49
Event: 1.030 Thread 0x00007f51d8571000 Threw 0x00000000eb966f10 at /HUDSON/workspace/jdk7u21-2-build-linux-amd64-product/jdk7u21/hotspot/src/share/vm/prims/jvm.cpp:1166
Event: 1.036 Thread 0x00007f51d8571000 Threw 0x00000000eb96d160 at /HUDSON/workspace/jdk7u21-2-build-linux-amd64-product/jdk7u21/hotspot/src/share/vm/prims/jvm.cpp:1166
Event: 1.046 Thread 0x00007f51d8571000 Threw 0x00000000eb974e08 at /HUDSON/workspace/jdk7u21-2-build-linux-amd64-product/jdk7u21/hotspot/src/share/vm/prims/jvm.cpp:1166
Event: 1.046 Thread 0x00007f51d8571000 Threw 0x00000000eb975030 at /HUDSON/workspace/jdk7u21-2-build-linux-amd64-product/jdk7u21/hotspot/src/share/vm/prims/jvm.cpp:1166
Event: 1.046 Thread 0x00007f51d8571000 Threw 0x00000000eb977830 at /HUDSON/workspace/jdk7u21-2-build-linux-amd64-product/jdk7u21/hotspot/src/share/vm/prims/jvm.cpp:1166
Event: 1.046 Thread 0x00007f51d8571000 Threw 0x00000000eb977a58 at /HUDSON/workspace/jdk7u21-2-build-linux-amd64-product/jdk7u21/hotspot/src/share/vm/prims/jvm.cpp:1166
Event: 1.056 Thread 0x00007f51d8571000 Threw 0x00000000eb9d4858 at /HUDSON/workspace/jdk7u21-2-build-linux-amd64-product/jdk7u21/hotspot/src/share/vm/prims/jni.cpp:742

Events (10 events):
Event: 1.056 loading class 0x00007f51d88e6500
Event: 1.056 loading class 0x00007f51d80f6a20
Event: 1.056 loading class 0x00007f51d80f6ab0
Event: 1.057 loading class 0x00007f51d80f6ab0 done
Event: 1.057 loading class 0x00007f51d80f6a20 done
Event: 1.057 loading class 0x00007f51d88e6500 done
Event: 1.248 loading class 0x00007f51d80df640
Event: 1.248 loading class 0x00007f51d80df640 done
Event: 3.002 loading class 0x00007f51d839a2f0
Event: 3.002 loading class 0x00007f51d839a2f0 done


Dynamic libraries:
00400000-00401000 r-xp 00000000 00:16 162352627                          /gpfs/main/research/java/linux/jdk1.7.0_21_x64/bin/java
00600000-00601000 rw-p 00000000 00:16 162352627                          /gpfs/main/research/java/linux/jdk1.7.0_21_x64/bin/java
01f0d000-036a9000 rw-p 00000000 00:00 0                                  [heap]
bce00000-be2c0000 rw-p 00000000 00:00 0 
be2c0000-c2000000 rw-p 00000000 00:00 0 
c2000000-c4960000 rw-p 00000000 00:00 0 
c4960000-eb560000 rw-p 00000000 00:00 0 
eb560000-ed980000 rw-p 00000000 00:00 0 
ed980000-100000000 rw-p 00000000 00:00 0 
7f51ce951000-7f51cea76000 rw-s 00000000 00:04 1378582624                 /SYSV00000000 (deleted)
7f51cea76000-7f51ceade000 r-xp 00000000 00:16 164837477                  /gpfs/main/research/java/linux/jdk1.7.0_21_x64/jre/lib/amd64/libt2k.so
7f51ceade000-7f51cecdd000 ---p 00068000 00:16 164837477                  /gpfs/main/research/java/linux/jdk1.7.0_21_x64/jre/lib/amd64/libt2k.so
7f51cecdd000-7f51cece4000 rw-p 00067000 00:16 164837477                  /gpfs/main/research/java/linux/jdk1.7.0_21_x64/jre/lib/amd64/libt2k.so
7f51cece4000-7f51cecf4000 rw-p 00000000 00:00 0 
7f51cecf4000-7f51cecf7000 ---p 00000000 00:00 0 
7f51cecf7000-7f51cedf5000 rw-p 00000000 00:00 0 
7f51cedf5000-7f51cedf8000 ---p 00000000 00:00 0 
7f51cedf8000-7f51ceef6000 rw-p 00000000 00:00 0 
7f51ceef6000-7f51ceef9000 ---p 00000000 00:00 0 
7f51ceef9000-7f51ceff7000 rw-p 00000000 00:00 0 
7f51ceff7000-7f51cf00a000 r--p 00000000 fe:03 1455793                    /usr/share/fonts/opentype/cantarell/Cantarell-Regular.otf
7f51cf00a000-7f51cf00c000 r-xp 00000000 fe:03 1577043                    /usr/lib/x86_64-linux-gnu/pango/1.6.0/modules/pango-basic-fc.so
7f51cf00c000-7f51cf20b000 ---p 00002000 fe:03 1577043                    /usr/lib/x86_64-linux-gnu/pango/1.6.0/modules/pango-basic-fc.so
7f51cf20b000-7f51cf20c000 r--p 00001000 fe:03 1577043                    /usr/lib/x86_64-linux-gnu/pango/1.6.0/modules/pango-basic-fc.so
7f51cf20c000-7f51cf20d000 rw-p 00002000 fe:03 1577043                    /usr/lib/x86_64-linux-gnu/pango/1.6.0/modules/pango-basic-fc.so
7f51cf20d000-7f51cf214000 r--s 00000000 fe:03 1577553                    /usr/lib/x86_64-linux-gnu/gconv/gconv-modules.cache
7f51cf214000-7f51cf22f000 r--s 00000000 fe:03 1447935                    /usr/share/fonts/type1/gsfonts/c059016l.pfb
7f51cf22f000-7f51cf251000 r--s 00000000 fe:03 1451383                    /usr/share/texmf/fonts/type1/public/lm/lmvtlo10.pfb
7f51cf26a000-7f51cf27a000 r--s 00000000 fe:03 1447891                    /usr/share/fonts/type1/gsfonts/a010015l.pfb
7f51cf27a000-7f51cf283000 r--s 00000000 fe:03 1458697                    /usr/share/fonts/X11/Type1/c0632bt_.pfb
7f51cf283000-7f51cf29f000 r--s 00000000 fe:03 1451334                    /usr/share/texmf/fonts/type1/public/lm/lmbxi10.pfb
7f51cf29f000-7f51cf2a9000 r--s 00000000 fe:03 1458706                    /usr/share/fonts/X11/Type1/c0611bt_.pfb
7f51cf2f9000-7f51cf314000 r--s 00000000 fe:03 1451349                    /usr/share/texmf/fonts/type1/public/lm/lmtlc10.pfb
7f51cf314000-7f51cf331000 r--s 00000000 fe:03 1451323                    /usr/share/texmf/fonts/type1/public/lm/lmssq8.pfb
7f51cf331000-7f51cf34e000 r--s 00000000 fe:03 1451360                    /usr/share/texmf/fonts/type1/public/lm/lmtk10.pfb
7f51cf34e000-7f51cf368000 r--s 00000000 fe:03 1451371                    /usr/share/texmf/fonts/type1/public/lm/lmtl10.pfb
7f51cf368000-7f51cf387000 r--s 00000000 fe:03 1451359                    /usr/share/texmf/fonts/type1/public/lm/lmtto10.pfb
7f51cf387000-7f51cf3aa000 r--s 00000000 fe:03 1451380                    /usr/share/texmf/fonts/type1/public/lm/lmtko10.pfb
7f51cf3aa000-7f51cf3c7000 r--s 00000000 fe:03 1451350                    /usr/share/texmf/fonts/type1/public/lm/lmssqbx8.pfb
7f51cf3c7000-7f51cf3e2000 r--s 00000000 fe:03 1447858                    /usr/share/fonts/type1/gsfonts/p052003l.pfb
7f51cf3e2000-7f51cf3eb000 r--s 00000000 fe:03 1458695                    /usr/share/fonts/X11/Type1/c0633bt_.pfb
7f51cf3eb000-7f51cf40a000 r--s 00000000 fe:03 1451404                    /usr/share/texmf/fonts/type1/public/lm/lmdunh10.pfb
7f51cf40a000-7f51cf422000 r--s 00000000 fe:03 1447872                    /usr/share/fonts/type1/gsfonts/c059036l.pfb
7f51cf422000-7f51cf441000 r--s 00000000 fe:03 1451390                    /usr/share/texmf/fonts/type1/public/lm/lmb10.pfb
7f51cf441000-7f51cf462000 r--s 00000000 fe:03 1451342                    /usr/share/texmf/fonts/type1/public/lm/lmro10.pfb
7f51cf47b000-7f51cf496000 r--s 00000000 fe:03 1451391                    /usr/share/texmf/fonts/type1/public/lm/lmtcsc10.pfb
7f51cf496000-7f51cf4ae000 r--s 00000000 fe:03 1447894                    /usr/share/fonts/type1/gsfonts/c059033l.pfb
7f51cf4ae000-7f51cf4cf000 r--s 00000000 fe:03 1451413                    /usr/share/texmf/fonts/type1/public/lm/lmcsco10.pfb
7f51cf4e7000-7f51cf500000 r--s 00000000 fe:03 1451377                    /usr/share/texmf/fonts/type1/public/lm/lmtti10.pfb
7f51cf500000-7f51cf51b000 r--s 00000000 fe:03 1451325                    /usr/share/texmf/fonts/type1/public/lm/lmsso10.pfb
7f51cf51b000-7f51cf53b000 r--s 00000000 fe:03 1451410                    /usr/share/texmf/fonts/type1/public/lm/lmtcso10.pfb
7f51cf53b000-7f51cf558000 r--s 00000000 fe:03 1451337                    /usr/share/texmf/fonts/type1/public/lm/lmvtt10.pfb
7f51cf56c000-7f51cf58b000 r--s 00000000 fe:03 1451330                    /usr/share/texmf/fonts/type1/public/lm/lmvtk10.pfb
7f51cf58b000-7f51cf595000 r--s 00000000 fe:03 1458710                    /usr/share/fonts/X11/Type1/c0582bt_.pfb
7f51cf595000-7f51cf5b5000 r--s 00000000 fe:03 1451369                    /usr/share/texmf/fonts/type1/public/lm/lmssqo8.pfb
7f51cf5b5000-7f51cf5ca000 r--s 00000000 fe:03 1447839                    /usr/share/fonts/type1/gsfonts/b018032l.pfb
7f51cf5e9000-7f51cf607000 r--s 00000000 fe:03 1451368                    /usr/share/texmf/fonts/type1/public/lm/lmr10.pfb
7f51cf629000-7f51cf64d000 r--s 00000000 fe:03 1451326                    /usr/share/texmf/fonts/type1/public/lm/lmduno10.pfb
7f51cf674000-7f51cf67d000 r--s 00000000 fe:03 1458704                    /usr/share/fonts/X11/Type1/c0649bt_.pfb
7f51cf67d000-7f51cf698000 r--s 00000000 fe:03 1447880                    /usr/share/fonts/type1/gsfonts/p052023l.pfb
7f51cf698000-7f51cf6aa000 r--s 00000000 fe:03 1447846                    /usr/share/fonts/type1/gsfonts/n019043l.pfb
7f51cf73e000-7f51cf75f000 r--s 00000000 fe:03 1451328                    /usr/share/texmf/fonts/type1/public/lm/lmvtto10.pfb
7f51cf771000-7f51cf782000 r--s 00000000 fe:03 1447854                    /usr/share/fonts/type1/gsfonts/a010035l.pfb
7f51cf782000-7f51cf7a7000 r--s 00000000 fe:03 1451347                    /usr/share/texmf/fonts/type1/public/lm/lmvtko10.pfb
7f51cf7e6000-7f51cf7ef000 r--s 00000000 fe:03 1458701                    /usr/share/fonts/X11/Type1/c0648bt_.pfb
7f51cf7ef000-7f51cf80d000 r--s 00000000 fe:03 1451322                    /usr/share/texmf/fonts/type1/public/lm/lmssbx10.pfb
7f51cf80d000-7f51cf81f000 r--s 00000000 fe:03 1447905                    /usr/share/fonts/type1/gsfonts/n019044l.pfb
7f51cf851000-7f51cf86b000 r--s 00000000 fe:03 1447908                    /usr/share/fonts/type1/gsfonts/c059013l.pfb
7f51cf86b000-7f51cf875000 r--s 00000000 fe:03 1458703                    /usr/share/fonts/X11/Type1/c0583bt_.pfb
7f51cf875000-7f51cf894000 r--s 00000000 fe:03 1451387                    /usr/share/texmf/fonts/type1/public/lm/lmssqbo8.pfb
7f51cf894000-7f51cf8a4000 r--s 00000000 fe:03 1447907                    /usr/share/fonts/type1/gsfonts/a010013l.pfb
7f51cf8a4000-7f51cf8b0000 r--s 00000000 fe:03 1447851                    /usr/share/fonts/type1/gsfonts/d050000l.pfb
7f51cf8e2000-7f51cf8fa000 r--s 00000000 fe:03 1451331                    /usr/share/texmf/fonts/type1/public/lm/lmss10.pfb
7f51cf92e000-7f51cf94a000 r--s 00000000 fe:03 1447845                    /usr/share/fonts/type1/gsfonts/p052024l.pfb
7f51cf963000-7f51cf96d000 r--s 00000000 fe:03 1458702                    /usr/share/fonts/X11/Type1/c0419bt_.pfb
7f51cf96d000-7f51cf98a000 r--s 00000000 fe:03 1451366                    /usr/share/texmf/fonts/type1/public/lm/lmssdc10.pfb
7f51cf98a000-7f51cf9ac000 r--s 00000000 fe:03 1451358                    /usr/share/texmf/fonts/type1/public/lm/lmssbo10.pfb
7f51cf9ac000-7f51cf9bd000 r--s 00000000 fe:03 1447899                    /usr/share/fonts/type1/gsfonts/n019063l.pfb
7f51cf9bd000-7f51cf9d0000 r--s 00000000 fe:03 1447916                    /usr/share/fonts/type1/gsfonts/b018015l.pfb
7f51cfa05000-7f51cfa0e000 r--s 00000000 fe:01 1048791                    /var/cache/fontconfig/945677eb7aeaf62f1d50efc3fb3ec7d8-le64.cache-3
7f51cfa0e000-7f51cfa12000 r--s 00000000 fe:01 1049005                    /var/cache/fontconfig/99e8ed0e538f840c565b6ed5dad60d56-le64.cache-3
7f51cfa12000-7f51cfa15000 r--s 00000000 fe:01 1049004                    /var/cache/fontconfig/f24b2111ab8703b4e963115a8cf14259-le64.cache-3
7f51cfa15000-7f51cfa16000 r--s 00000000 fe:01 1049003                    /var/cache/fontconfig/617957603a337376ca8784972c6029f5-le64.cache-3
7f51cfa16000-7f51cfa1f000 r--s 00000000 fe:01 1049002                    /var/cache/fontconfig/6d41288fd70b0be22e8c3a91e032eec0-le64.cache-3
7f51cfa1f000-7f51cfa22000 r--s 00000000 fe:01 1049001                    /var/cache/fontconfig/de156ccd2eddbdc19d37a45b8b2aac9c-le64.cache-3
7f51cfa22000-7f51cfa23000 r--s 00000000 fe:01 1049000                    /var/cache/fontconfig/9c956a7723ca69a44b382d9179c9802f-le64.cache-3
7f51cfa23000-7f51cfa24000 r--s 00000000 fe:01 1048999                    /var/cache/fontconfig/9451a55048e8dbe8633e64d34165fdf2-le64.cache-3
7f51cfa24000-7f51cfa25000 r--s 00000000 fe:01 1048998                    /var/cache/fontconfig/5d1cca7074f29429a8d18692746c2426-le64.cache-3
7f51cfa25000-7f51cfa26000 r--s 00000000 fe:01 1048997                    /var/cache/fontconfig/4794a0821666d79190d59a36cb4f44b5-le64.cache-3
7f51cfa26000-7f51cfa27000 r--s 00000000 fe:01 1048996                    /var/cache/fontconfig/9eae20f1ff8cc0a7d125749e875856bd-le64.cache-3
7f51cfa27000-7f51cfa29000 r--s 00000000 fe:01 1048995                    /var/cache/fontconfig/bf2c1853a9e9b00bb02fe2e9bcf1e201-le64.cache-3
7f51cfa29000-7f51cfa57000 r--s 00000000 fe:01 1048994                    /var/cache/fontconfig/365b55f210c0a22e9a19e35191240f32-le64.cache-3
7f51cfa57000-7f51cfa5a000 r--s 00000000 fe:01 1048961                    /var/cache/fontconfig/c57959a16110560c8d0fcea73374aeeb-le64.cache-3
7f51cfa5a000-7f51cfa5f000 r--s 00000000 fe:01 1048993                    /var/cache/fontconfig/3047814df9a2f067bd2d96a2b9c36e5a-le64.cache-3
7f51cfa5f000-7f51cfadc000 r--s 00000000 fe:01 1048992                    /var/cache/fontconfig/51a3e4c21f64d587f5095aba4c4f56c0-le64.cache-3
7f51cfadc000-7f51cfadf000 r--s 00000000 fe:01 1048991                    /var/cache/fontconfig/de9486f0b47a4d768a594cb4198cb1c6-le64.cache-3
7f51cfadf000-7f51cfae2000 r--s 00000000 fe:01 1048990                    /var/cache/fontconfig/14d493b97896515cad3840ba4896e372-le64.cache-3
7f51cfae2000-7f51cfae3000 r--s 00000000 fe:01 1048989                    /var/cache/fontconfig/89034621ae2a8922916bb6bfa5799546-le64.cache-3
7f51cfae3000-7f51cfae6000 r--s 00000000 fe:01 1048988                    /var/cache/fontconfig/e49e89034d371f0f9de17aab02136486-le64.cache-3
7f51cfae6000-7f51cfae8000 r--s 00000000 fe:01 1048987                    /var/cache/fontconfig/4b14b093aebc79c320de5e86ae1d3314-le64.cache-3
7f51cfae8000-7f51cfaf9000 r--s 00000000 fe:01 1048986                    /var/cache/fontconfig/d52a8644073d54c13679302ca1180695-le64.cache-3
7f51cfaf9000-7f51cfaff000 r--s 00000000 fe:01 1048985                    /var/cache/fontconfig/105b9c7e6f0a4f82d8c9b6e39c52c6f9-le64.cache-3
7f51cfaff000-7f51cfb06000 r--s 00000000 fe:01 1048984                    /var/cache/fontconfig/3f7329c5293ffd510edef78f73874cfd-le64.cache-3
7f51cfb06000-7f51cfb08000 r--s 00000000 fe:01 1048983                    /var/cache/fontconfig/65f976e5259cbe6dc7697b8648396239-le64.cache-3
7f51cfb08000-7f51cfb09000 r--s 00000000 fe:01 1048982                    /var/cache/fontconfig/94f7fe9bd33aadfac165873bd010d595-le64.cache-3
7f51cfb09000-7f51cfb0b000 r--s 00000000 fe:01 1048981                    /var/cache/fontconfig/423767150eb258c59035de29db6fca84-le64.cache-3
7f51cfb0b000-7f51cfb0c000 r--s 00000000 fe:01 1048980                    /var/cache/fontconfig/e7de81b01590fb7e12b38e274e17d0db-le64.cache-3
7f51cfb0c000-7f51cfb0d000 r--s 00000000 fe:01 1048979                    /var/cache/fontconfig/406a1d2d2bf3ed7664fbadefac0b2f66-le64.cache-3
7f51cfb0d000-7f51cfb0f000 r--s 00000000 fe:01 1048978                    /var/cache/fontconfig/67709b7835c0f764c1135060c9575660-le64.cache-3
7f51cfb0f000-7f51cfb11000 r--s 00000000 fe:01 1048977                    /var/cache/fontconfig/099525ddca5eae4f2477b69cf2d7f16d-le64.cache-3
7f51cfb11000-7f51cfb13000 r--s 00000000 fe:01 1048976                    /var/cache/fontconfig/a722efc6911bbe16667b1a77497ffd37-le64.cache-3
7f51cfb13000-7f51cfb15000 r--s 00000000 fe:01 1048975                    /var/cache/fontconfig/d63fdd8e0f42559533dd777c334fdfcc-le64.cache-3
7f51cfb15000-7f51cfb21000 r--s 00000000 fe:01 1048960                    /var/cache/fontconfig/089dead882dea3570ffc31a9898cfb69-le64.cache-3
7f51cfb21000-7f51cfb2b000 r--s 00000000 fe:01 1048973                    /var/cache/fontconfig/83bf95040141907cd45bb53cf7c1c148-le64.cache-3
7f51cfb2b000-7f51cfb37000 r--s 00000000 fe:01 1048972                    /var/cache/fontconfig/53d14c92082a93e67d5078324eb314ca-le64.cache-3
7f51cfb37000-7f51cfb3b000 r--s 00000000 fe:01 1048971                    /var/cache/fontconfig/6c08beecf0dac481ec92e759e0c2e6d7-le64.cache-3
7f51cfb3b000-7f51cfb3f000 r--s 00000000 fe:01 1048970                    /var/cache/fontconfig/4d6aee6d44eccb37054d3216e945f618-le64.cache-3
7f51cfb3f000-7f51cfb43000 r--s 00000000 fe:01 1048969                    /var/cache/fontconfig/d6c6df98c3df5faf9bd0f8ef4d91efe5-le64.cache-3
7f51cfb43000-7f51cfb47000 r--s 00000000 fe:01 1048968                    /var/cache/fontconfig/9fb319ef52839f11ee26ab8b4cffa12b-le64.cache-3
7f51cfb47000-7f51cfb58000 r--s 00000000 fe:01 1048967                    /var/cache/fontconfig/4ac51e5cfbc76fc3f983e470323a16d3-le64.cache-3
7f51cfb58000-7f51cfb5a000 r--s 00000000 fe:01 1048966                    /var/cache/fontconfig/c19b55eb3b4c5b40ea175e31682068a5-le64.cache-3
7f51cfb5a000-7f51cfb5b000 r--s 00000000 fe:01 1048750                    /var/cache/fontconfig/62f91419b9ebdb6975e7e41ab6412357-le64.cache-3
7f51cfb5b000-7f51cfb8a000 r--s 00000000 fe:01 1048756                    /var/cache/fontconfig/cabbd14511b9e8a55e92af97fb3a0461-le64.cache-3
7f51cfb8a000-7f51cfb9d000 r--s 00000000 fe:01 1048939                    /var/cache/fontconfig/e13b20fdb08344e0e664864cc2ede53d-le64.cache-3
7f51cfbea000-7f51cfbfa000 r-xp 00000000 00:16 164837413                  /gpfs/main/research/java/linux/jdk1.7.0_21_x64/jre/lib/amd64/libnio.so
7f51cfbfa000-7f51cfdfa000 ---p 00010000 00:16 164837413                  /gpfs/main/research/java/linux/jdk1.7.0_21_x64/jre/lib/amd64/libnio.so
7f51cfdfa000-7f51cfdfb000 rw-p 00010000 00:16 164837413                  /gpfs/main/research/java/linux/jdk1.7.0_21_x64/jre/lib/amd64/libnio.so
7f51cfdfb000-7f51cfe00000 r-xp 00000000 fe:00 2215                       /lib/x86_64-linux-gnu/libnss_dns-2.13.so
7f51cfe00000-7f51cffff000 ---p 00005000 fe:00 2215                       /lib/x86_64-linux-gnu/libnss_dns-2.13.so
7f51cffff000-7f51d0000000 r--p 00004000 fe:00 2215                       /lib/x86_64-linux-gnu/libnss_dns-2.13.so
7f51d0000000-7f51d0001000 rw-p 00005000 fe:00 2215                       /lib/x86_64-linux-gnu/libnss_dns-2.13.so
7f51d0001000-7f51d000c000 r-xp 00000000 fe:00 2260                       /lib/x86_64-linux-gnu/libnss_files-2.13.so
7f51d000c000-7f51d020b000 ---p 0000b000 fe:00 2260                       /lib/x86_64-linux-gnu/libnss_files-2.13.so
7f51d020b000-7f51d020c000 r--p 0000a000 fe:00 2260                       /lib/x86_64-linux-gnu/libnss_files-2.13.so
7f51d020c000-7f51d020d000 rw-p 0000b000 fe:00 2260                       /lib/x86_64-linux-gnu/libnss_files-2.13.so
7f51d020d000-7f51d0222000 r-xp 00000000 00:16 164837424                  /gpfs/main/research/java/linux/jdk1.7.0_21_x64/jre/lib/amd64/libnet.so
7f51d0222000-7f51d0422000 ---p 00015000 00:16 164837424                  /gpfs/main/research/java/linux/jdk1.7.0_21_x64/jre/lib/amd64/libnet.so
7f51d0422000-7f51d0423000 rw-p 00015000 00:16 164837424                  /gpfs/main/research/java/linux/jdk1.7.0_21_x64/jre/lib/amd64/libnet.so
7f51d0423000-7f51d0438000 r-xp 00000000 fe:00 32                         /lib/x86_64-linux-gnu/libgcc_s.so.1
7f51d0438000-7f51d0638000 ---p 00015000 fe:00 32                         /lib/x86_64-linux-gnu/libgcc_s.so.1
7f51d0638000-7f51d0639000 rw-p 00015000 fe:00 32                         /lib/x86_64-linux-gnu/libgcc_s.so.1
7f51d0639000-7f51d0698000 r-xp 00000000 00:16 164837414                  /gpfs/main/research/java/linux/jdk1.7.0_21_x64/jre/lib/amd64/libfontmanager.so
7f51d0698000-7f51d0898000 ---p 0005f000 00:16 164837414                  /gpfs/main/research/java/linux/jdk1.7.0_21_x64/jre/lib/amd64/libfontmanager.so
7f51d0898000-7f51d089c000 rw-p 0005f000 00:16 164837414                  /gpfs/main/research/java/linux/jdk1.7.0_21_x64/jre/lib/amd64/libfontmanager.so
7f51d089c000-7f51d08ad000 rw-p 00000000 00:00 0 
7f51d08ad000-7f51d08b5000 r-xp 00000000 fe:00 2189                       /lib/x86_64-linux-gnu/libcrypt-2.13.so
7f51d08b5000-7f51d0ab4000 ---p 00008000 fe:00 2189                       /lib/x86_64-linux-gnu/libcrypt-2.13.so
7f51d0ab4000-7f51d0ab5000 r--p 00007000 fe:00 2189                       /lib/x86_64-linux-gnu/libcrypt-2.13.so
7f51d0ab5000-7f51d0ab6000 rw-p 00008000 fe:00 2189                       /lib/x86_64-linux-gnu/libcrypt-2.13.so
7f51d0ab6000-7f51d0ae4000 rw-p 00000000 00:00 0 
7f51d0ae4000-7f51d0aed000 r-xp 00000000 fe:03 1580485                    /usr/lib/x86_64-linux-gnu/libltdl.so.7.3.0
7f51d0aed000-7f51d0cec000 ---p 00009000 fe:03 1580485                    /usr/lib/x86_64-linux-gnu/libltdl.so.7.3.0
7f51d0cec000-7f51d0ced000 rw-p 00008000 fe:03 1580485                    /usr/lib/x86_64-linux-gnu/libltdl.so.7.3.0
7f51d0ced000-7f51d0cfe000 r-xp 00000000 fe:03 1580487                    /usr/lib/x86_64-linux-gnu/libtdb.so.1.2.10
7f51d0cfe000-7f51d0efd000 ---p 00011000 fe:03 1580487                    /usr/lib/x86_64-linux-gnu/libtdb.so.1.2.10
7f51d0efd000-7f51d0efe000 rw-p 00010000 fe:03 1580487                    /usr/lib/x86_64-linux-gnu/libtdb.so.1.2.10
7f51d0efe000-7f51d0f04000 r-xp 00000000 fe:03 1577225                    /usr/lib/x86_64-linux-gnu/libogg.so.0.8.0
7f51d0f04000-7f51d1103000 ---p 00006000 fe:03 1577225                    /usr/lib/x86_64-linux-gnu/libogg.so.0.8.0
7f51d1103000-7f51d1104000 rw-p 00005000 fe:03 1577225                    /usr/lib/x86_64-linux-gnu/libogg.so.0.8.0
7f51d1104000-7f51d1130000 r-xp 00000000 fe:03 1577250                    /usr/lib/x86_64-linux-gnu/libvorbis.so.0.4.5
7f51d1130000-7f51d132f000 ---p 0002c000 fe:03 1577250                    /usr/lib/x86_64-linux-gnu/libvorbis.so.0.4.5
7f51d132f000-7f51d1330000 r--p 0002b000 fe:03 1577250                    /usr/lib/x86_64-linux-gnu/libvorbis.so.0.4.5
7f51d1330000-7f51d1331000 rw-p 0002c000 fe:03 1577250                    /usr/lib/x86_64-linux-gnu/libvorbis.so.0.4.5
7f51d1331000-7f51d1339000 r-xp 00000000 fe:03 1577979                    /usr/lib/x86_64-linux-gnu/libvorbisfile.so.3.3.4
7f51d1339000-7f51d1538000 ---p 00008000 fe:03 1577979                    /usr/lib/x86_64-linux-gnu/libvorbisfile.so.3.3.4
7f51d1538000-7f51d1539000 r--p 00007000 fe:03 1577979                    /usr/lib/x86_64-linux-gnu/libvorbisfile.so.3.3.4
7f51d1539000-7f51d153a000 rw-p 00008000 fe:03 1577979                    /usr/lib/x86_64-linux-gnu/libvorbisfile.so.3.3.4
7f51d153a000-7f51d153e000 r-xp 00000000 fe:03 1581221                    /usr/lib/x86_64-linux-gnu/libcanberra-gtk.so.0.1.8
7f51d153e000-7f51d173d000 ---p 00004000 fe:03 1581221                    /usr/lib/x86_64-linux-gnu/libcanberra-gtk.so.0.1.8
7f51d173d000-7f51d173e000 r--p 00003000 fe:03 1581221                    /usr/lib/x86_64-linux-gnu/libcanberra-gtk.so.0.1.8
7f51d173e000-7f51d173f000 rw-p 00004000 fe:03 1581221                    /usr/lib/x86_64-linux-gnu/libcanberra-gtk.so.0.1.8
7f51d173f000-7f51d174f000 r-xp 00000000 fe:03 1580491                    /usr/lib/x86_64-linux-gnu/libcanberra.so.0.2.5
7f51d174f000-7f51d194e000 ---p 00010000 fe:03 1580491                    /usr/lib/x86_64-linux-gnu/libcanberra.so.0.2.5
7f51d194e000-7f51d194f000 r--p 0000f000 fe:03 1580491                    /usr/lib/x86_64-linux-gnu/libcanberra.so.0.2.5
7f51d194f000-7f51d1950000 rw-p 00010000 fe:03 1580491                    /usr/lib/x86_64-linux-gnu/libcanberra.so.0.2.5
7f51d1950000-7f51d1955000 r-xp 00000000 fe:03 1710221                    /usr/lib/x86_64-linux-gnu/gtk-2.0/modules/libcanberra-gtk-module.so
7f51d1955000-7f51d1b54000 ---p 00005000 fe:03 1710221                    /usr/lib/x86_64-linux-gnu/gtk-2.0/modules/libcanberra-gtk-module.so
7f51d1b54000-7f51d1b55000 r--p 00004000 fe:03 1710221                    /usr/lib/x86_64-linux-gnu/gtk-2.0/modules/libcanberra-gtk-module.so
7f51d1b55000-7f51d1b56000 rw-p 00005000 fe:03 1710221                    /usr/lib/x86_64-linux-gnu/gtk-2.0/modules/libcanberra-gtk-module.so
7f51d1b56000-7f51d1b81000 r-xp 00000000 fe:03 1715611                    /usr/lib/x86_64-linux-gnu/gtk-2.0/2.10.0/engines/libclearlooks.so
7f51d1b81000-7f51d1d80000 ---p 0002b000 fe:03 1715611                    /usr/lib/x86_64-linux-gnu/gtk-2.0/2.10.0/engines/libclearlooks.so
7f51d1d80000-7f51d1d81000 r--p 0002a000 fe:03 1715611                    /usr/lib/x86_64-linux-gnu/gtk-2.0/2.10.0/engines/libclearlooks.so
7f51d1d81000-7f51d1d82000 rw-p 0002b000 fe:03 1715611                    /usr/lib/x86_64-linux-gnu/gtk-2.0/2.10.0/engines/libclearlooks.so
7f51d1d82000-7f51d1dbe000 r-xp 00000000 fe:00 6002                       /lib/x86_64-linux-gnu/libpcre.so.3.13.1
7f51d1dbe000-7f51d1fbe000 ---p 0003c000 fe:00 6002                       /lib/x86_64-linux-gnu/libpcre.so.3.13.1
7f51d1fbe000-7f51d1fbf000 rw-p 0003c000 fe:00 6002                       /lib/x86_64-linux-gnu/libpcre.so.3.13.1
7f51d1fbf000-7f51d1fcb000 r-xp 00000000 fe:03 1576829                    /usr/lib/x86_64-linux-gnu/libffi.so.5.0.10
7f51d1fcb000-7f51d21cb000 ---p 0000c000 fe:03 1576829                    /usr/lib/x86_64-linux-gnu/libffi.so.5.0.10
7f51d21cb000-7f51d21cc000 rw-p 0000c000 fe:03 1576829                    /usr/lib/x86_64-linux-gnu/libffi.so.5.0.10
7f51d21cc000-7f51d21cd000 r-xp 00000000 fe:03 1576832                    /usr/lib/x86_64-linux-gnu/libgthread-2.0.so.0.3200.4
7f51d21cd000-7f51d23cc000 ---p 00001000 fe:03 1576832                    /usr/lib/x86_64-linux-gnu/libgthread-2.0.so.0.3200.4
7f51d23cc000-7f51d23cd000 r--p 00000000 fe:03 1576832                    /usr/lib/x86_64-linux-gnu/libgthread-2.0.so.0.3200.4
7f51d23cd000-7f51d23ce000 rw-p 00001000 fe:03 1576832                    /usr/lib/x86_64-linux-gnu/libgthread-2.0.so.0.3200.4
7f51d23ce000-7f51d23f5000 r-xp 00000000 fe:00 1909                       /lib/x86_64-linux-gnu/libexpat.so.1.6.0
7f51d23f5000-7f51d25f5000 ---p 00027000 fe:00 1909                       /lib/x86_64-linux-gnu/libexpat.so.1.6.0
7f51d25f5000-7f51d25f7000 r--p 00027000 fe:00 1909                       /lib/x86_64-linux-gnu/libexpat.so.1.6.0
7f51d25f7000-7f51d25f8000 rw-p 00029000 fe:00 1909                       /lib/x86_64-linux-gnu/libexpat.so.1.6.0
7f51d25f8000-7f51d260b000 r-xp 00000000 fe:00 2157                       /lib/x86_64-linux-gnu/libresolv-2.13.so
7f51d260b000-7f51d280a000 ---p 00013000 fe:00 2157                       /lib/x86_64-linux-gnu/libresolv-2.13.so
7f51d280a000-7f51d280b000 r--p 00012000 fe:00 2157                       /lib/x86_64-linux-gnu/libresolv-2.13.so
7f51d280b000-7f51d280c000 rw-p 00013000 fe:00 2157                       /lib/x86_64-linux-gnu/libresolv-2.13.so
7f51d280c000-7f51d280e000 rw-p 00000000 00:00 0 
7f51d280e000-7f51d282c000 r-xp 00000000 fe:00 36                         /lib/x86_64-linux-gnu/libselinux.so.1
7f51d282c000-7f51d2a2b000 ---p 0001e000 fe:00 36                         /lib/x86_64-linux-gnu/libselinux.so.1
7f51d2a2b000-7f51d2a2c000 r--p 0001d000 fe:00 36                         /lib/x86_64-linux-gnu/libselinux.so.1
7f51d2a2c000-7f51d2a2d000 rw-p 0001e000 fe:00 36                         /lib/x86_64-linux-gnu/libselinux.so.1
7f51d2a2d000-7f51d2a2e000 rw-p 00000000 00:00 0 
7f51d2a2e000-7f51d2a44000 r-xp 00000000 fe:00 20                         /lib/x86_64-linux-gnu/libz.so.1.2.7
7f51d2a44000-7f51d2c43000 ---p 00016000 fe:00 20                         /lib/x86_64-linux-gnu/libz.so.1.2.7
7f51d2c43000-7f51d2c44000 r--p 00015000 fe:00 20                         /lib/x86_64-linux-gnu/libz.so.1.2.7
7f51d2c44000-7f51d2c45000 rw-p 00016000 fe:00 20                         /lib/x86_64-linux-gnu/libz.so.1.2.7
7f51d2c45000-7f51d2c4d000 r-xp 00000000 fe:03 1576913                    /usr/lib/x86_64-linux-gnu/libxcb-render.so.0.0.0
7f51d2c4d000-7f51d2e4d000 ---p 00008000 fe:03 1576913                    /usr/lib/x86_64-linux-gnu/libxcb-render.so.0.0.0
7f51d2e4d000-7f51d2e4e000 r--p 00008000 fe:03 1576913                    /usr/lib/x86_64-linux-gnu/libxcb-render.so.0.0.0
7f51d2e4e000-7f51d2e4f000 rw-p 00009000 fe:03 1576913                    /usr/lib/x86_64-linux-gnu/libxcb-render.so.0.0.0
7f51d2e4f000-7f51d2e51000 r-xp 00000000 fe:03 1576918                    /usr/lib/x86_64-linux-gnu/libxcb-shm.so.0.0.0
7f51d2e51000-7f51d3050000 ---p 00002000 fe:03 1576918                    /usr/lib/x86_64-linux-gnu/libxcb-shm.so.0.0.0
7f51d3050000-7f51d3051000 r--p 00001000 fe:03 1576918                    /usr/lib/x86_64-linux-gnu/libxcb-shm.so.0.0.0
7f51d3051000-7f51d3052000 rw-p 00002000 fe:03 1576918                    /usr/lib/x86_64-linux-gnu/libxcb-shm.so.0.0.0
7f51d3052000-7f51d3078000 r-xp 00000000 fe:00 6010                       /lib/x86_64-linux-gnu/libpng12.so.0.49.0
7f51d3078000-7f51d3277000 ---p 00026000 fe:00 6010                       /lib/x86_64-linux-gnu/libpng12.so.0.49.0
7f51d3277000-7f51d3278000 r--p 00025000 fe:00 6010                       /lib/x86_64-linux-gnu/libpng12.so.0.49.0
7f51d3278000-7f51d3279000 rw-p 00026000 fe:00 6010                       /lib/x86_64-linux-gnu/libpng12.so.0.49.0
7f51d3279000-7f51d32f9000 r-xp 00000000 fe:03 1576173                    /usr/lib/x86_64-linux-gnu/libpixman-1.so.0.26.0
7f51d32f9000-7f51d34f9000 ---p 00080000 fe:03 1576173                    /usr/lib/x86_64-linux-gnu/libpixman-1.so.0.26.0
7f51d34f9000-7f51d34ff000 rw-p 00080000 fe:03 1576173                    /usr/lib/x86_64-linux-gnu/libpixman-1.so.0.26.0
7f51d34ff000-7f51d3502000 r-xp 00000000 fe:03 1576833                    /usr/lib/x86_64-linux-gnu/libgmodule-2.0.so.0.3200.4
7f51d3502000-7f51d3701000 ---p 00003000 fe:03 1576833                    /usr/lib/x86_64-linux-gnu/libgmodule-2.0.so.0.3200.4
7f51d3701000-7f51d3702000 r--p 00002000 fe:03 1576833                    /usr/lib/x86_64-linux-gnu/libgmodule-2.0.so.0.3200.4
7f51d3702000-7f51d3703000 rw-p 00003000 fe:03 1576833                    /usr/lib/x86_64-linux-gnu/libgmodule-2.0.so.0.3200.4
7f51d3703000-7f51d370a000 r-xp 00000000 fe:03 1577104                    /usr/lib/x86_64-linux-gnu/libXrandr.so.2.2.0
7f51d370a000-7f51d390a000 ---p 00007000 fe:03 1577104                    /usr/lib/x86_64-linux-gnu/libXrandr.so.2.2.0
7f51d390a000-7f51d390b000 rw-p 00007000 fe:03 1577104                    /usr/lib/x86_64-linux-gnu/libXrandr.so.2.2.0
7f51d390b000-7f51d390d000 r-xp 00000000 fe:03 1577098                    /usr/lib/x86_64-linux-gnu/libXinerama.so.1.0.0
7f51d390d000-7f51d3b0c000 ---p 00002000 fe:03 1577098                    /usr/lib/x86_64-linux-gnu/libXinerama.so.1.0.0
7f51d3b0c000-7f51d3b0d000 rw-p 00001000 fe:03 1577098                    /usr/lib/x86_64-linux-gnu/libXinerama.so.1.0.0
7f51d3b0d000-7f51d3c02000 r-xp 00000000 fe:00 6008                       /lib/x86_64-linux-gnu/libglib-2.0.so.0.3200.4
7f51d3c02000-7f51d3e02000 ---p 000f5000 fe:00 6008                       /lib/x86_64-linux-gnu/libglib-2.0.so.0.3200.4
7f51d3e02000-7f51d3e03000 r--p 000f5000 fe:00 6008                       /lib/x86_64-linux-gnu/libglib-2.0.so.0.3200.4
7f51d3e03000-7f51d3e04000 rw-p 000f6000 fe:00 6008                       /lib/x86_64-linux-gnu/libglib-2.0.so.0.3200.4
7f51d3e04000-7f51d3e05000 rw-p 00000000 00:00 0 
7f51d3e05000-7f51d3e53000 r-xp 00000000 fe:03 1576831                    /usr/lib/x86_64-linux-gnu/libgobject-2.0.so.0.3200.4
7f51d3e53000-7f51d4053000 ---p 0004e000 fe:03 1576831                    /usr/lib/x86_64-linux-gnu/libgobject-2.0.so.0.3200.4
7f51d4053000-7f51d4054000 r--p 0004e000 fe:03 1576831                    /usr/lib/x86_64-linux-gnu/libgobject-2.0.so.0.3200.4
7f51d4054000-7f51d4055000 rw-p 0004f000 fe:03 1576831                    /usr/lib/x86_64-linux-gnu/libgobject-2.0.so.0.3200.4
7f51d4055000-7f51d408a000 r-xp 00000000 fe:03 1576896                    /usr/lib/x86_64-linux-gnu/libfontconfig.so.1.5.0
7f51d408a000-7f51d428a000 ---p 00035000 fe:03 1576896                    /usr/lib/x86_64-linux-gnu/libfontconfig.so.1.5.0
7f51d428a000-7f51d428b000 r--p 00035000 fe:03 1576896                    /usr/lib/x86_64-linux-gnu/libfontconfig.so.1.5.0
7f51d428b000-7f51d428c000 rw-p 00036000 fe:03 1576896                    /usr/lib/x86_64-linux-gnu/libfontconfig.so.1.5.0
7f51d428c000-7f51d4325000 r-xp 00000000 fe:03 1573156                    /usr/lib/x86_64-linux-gnu/libfreetype.so.6.8.1
7f51d4325000-7f51d4524000 ---p 00099000 fe:03 1573156                    /usr/lib/x86_64-linux-gnu/libfreetype.so.6.8.1
7f51d4524000-7f51d452a000 r--p 00098000 fe:03 1573156                    /usr/lib/x86_64-linux-gnu/libfreetype.so.6.8.1
7f51d452a000-7f51d452b000 rw-p 0009e000 fe:03 1573156                    /usr/lib/x86_64-linux-gnu/libfreetype.so.6.8.1
7f51d452b000-7f51d4575000 r-xp 00000000 fe:03 1577029                    /usr/lib/x86_64-linux-gnu/libpango-1.0.so.0.3000.0
7f51d4575000-7f51d4775000 ---p 0004a000 fe:03 1577029                    /usr/lib/x86_64-linux-gnu/libpango-1.0.so.0.3000.0
7f51d4775000-7f51d4777000 r--p 0004a000 fe:03 1577029                    /usr/lib/x86_64-linux-gnu/libpango-1.0.so.0.3000.0
7f51d4777000-7f51d4778000 rw-p 0004c000 fe:03 1577029                    /usr/lib/x86_64-linux-gnu/libpango-1.0.so.0.3000.0
7f51d4778000-7f51d47a2000 r-xp 00000000 fe:03 1577051                    /usr/lib/x86_64-linux-gnu/libpangoft2-1.0.so.0.3000.0
7f51d47a2000-7f51d49a1000 ---p 0002a000 fe:03 1577051                    /usr/lib/x86_64-linux-gnu/libpangoft2-1.0.so.0.3000.0
7f51d49a1000-7f51d49a2000 r--p 00029000 fe:03 1577051                    /usr/lib/x86_64-linux-gnu/libpangoft2-1.0.so.0.3000.0
7f51d49a2000-7f51d49a3000 rw-p 0002a000 fe:03 1577051                    /usr/lib/x86_64-linux-gnu/libpangoft2-1.0.so.0.3000.0
7f51d49a3000-7f51d4aef000 r-xp 00000000 fe:03 1576836                    /usr/lib/x86_64-linux-gnu/libgio-2.0.so.0.3200.4
7f51d4aef000-7f51d4cee000 ---p 0014c000 fe:03 1576836                    /usr/lib/x86_64-linux-gnu/libgio-2.0.so.0.3200.4
7f51d4cee000-7f51d4cf2000 r--p 0014b000 fe:03 1576836                    /usr/lib/x86_64-linux-gnu/libgio-2.0.so.0.3200.4
7f51d4cf2000-7f51d4cf4000 rw-p 0014f000 fe:03 1576836                    /usr/lib/x86_64-linux-gnu/libgio-2.0.so.0.3200.4
7f51d4cf4000-7f51d4cf6000 rw-p 00000000 00:00 0 
7f51d4cf6000-7f51d4d15000 r-xp 00000000 fe:03 1576877                    /usr/lib/x86_64-linux-gnu/libgdk_pixbuf-2.0.so.0.2600.1
7f51d4d15000-7f51d4f14000 ---p 0001f000 fe:03 1576877                    /usr/lib/x86_64-linux-gnu/libgdk_pixbuf-2.0.so.0.2600.1
7f51d4f14000-7f51d4f15000 r--p 0001e000 fe:03 1576877                    /usr/lib/x86_64-linux-gnu/libgdk_pixbuf-2.0.so.0.2600.1
7f51d4f15000-7f51d4f16000 rw-p 0001f000 fe:03 1576877                    /usr/lib/x86_64-linux-gnu/libgdk_pixbuf-2.0.so.0.2600.1
7f51d4f16000-7f51d500a000 r-xp 00000000 fe:03 1576926                    /usr/lib/x86_64-linux-gnu/libcairo.so.2.11200.2
7f51d500a000-7f51d5209000 ---p 000f4000 fe:03 1576926                    /usr/lib/x86_64-linux-gnu/libcairo.so.2.11200.2
7f51d5209000-7f51d520c000 r--p 000f3000 fe:03 1576926                    /usr/lib/x86_64-linux-gnu/libcairo.so.2.11200.2
7f51d520c000-7f51d520d000 rw-p 000f6000 fe:03 1576926                    /usr/lib/x86_64-linux-gnu/libcairo.so.2.11200.2
7f51d520d000-7f51d520f000 rw-p 00000000 00:00 0 
7f51d520f000-7f51d5230000 r-xp 00000000 fe:03 1576845                    /usr/lib/x86_64-linux-gnu/libatk-1.0.so.0.20409.1
7f51d5230000-7f51d542f000 ---p 00021000 fe:03 1576845                    /usr/lib/x86_64-linux-gnu/libatk-1.0.so.0.20409.1
7f51d542f000-7f51d5431000 r--p 00020000 fe:03 1576845                    /usr/lib/x86_64-linux-gnu/libatk-1.0.so.0.20409.1
7f51d5431000-7f51d5432000 rw-p 00022000 fe:03 1576845                    /usr/lib/x86_64-linux-gnu/libatk-1.0.so.0.20409.1
7f51d5432000-7f51d5434000 r-xp 00000000 fe:03 1577086                    /usr/lib/x86_64-linux-gnu/libXdamage.so.1.1.0
7f51d5434000-7f51d5633000 ---p 00002000 fe:03 1577086                    /usr/lib/x86_64-linux-gnu/libXdamage.so.1.1.0
7f51d5633000-7f51d5634000 rw-p 00001000 fe:03 1577086                    /usr/lib/x86_64-linux-gnu/libXdamage.so.1.1.0
7f51d5634000-7f51d5636000 r-xp 00000000 fe:03 1577069                    /usr/lib/x86_64-linux-gnu/libXcomposite.so.1.0.0
7f51d5636000-7f51d5835000 ---p 00002000 fe:03 1577069                    /usr/lib/x86_64-linux-gnu/libXcomposite.so.1.0.0
7f51d5835000-7f51d5836000 rw-p 00001000 fe:03 1577069                    /usr/lib/x86_64-linux-gnu/libXcomposite.so.1.0.0
7f51d5836000-7f51d5842000 r-xp 00000000 fe:03 1577048                    /usr/lib/x86_64-linux-gnu/libpangocairo-1.0.so.0.3000.0
7f51d5842000-7f51d5a41000 ---p 0000c000 fe:03 1577048                    /usr/lib/x86_64-linux-gnu/libpangocairo-1.0.so.0.3000.0
7f51d5a41000-7f51d5a42000 r--p 0000b000 fe:03 1577048                    /usr/lib/x86_64-linux-gnu/libpangocairo-1.0.so.0.3000.0
7f51d5a42000-7f51d5a43000 rw-p 0000c000 fe:03 1577048                    /usr/lib/x86_64-linux-gnu/libpangocairo-1.0.so.0.3000.0
7f51d5a43000-7f51d5af2000 r-xp 00000000 fe:03 1580139                    /usr/lib/x86_64-linux-gnu/libgdk-x11-2.0.so.0.2400.10
7f51d5af2000-7f51d5cf1000 ---p 000af000 fe:03 1580139                    /usr/lib/x86_64-linux-gnu/libgdk-x11-2.0.so.0.2400.10
7f51d5cf1000-7f51d5cf6000 rw-p 000ae000 fe:03 1580139                    /usr/lib/x86_64-linux-gnu/libgdk-x11-2.0.so.0.2400.10
7f51d5cf6000-7f51d6128000 r-xp 00000000 fe:03 1580138                    /usr/lib/x86_64-linux-gnu/libgtk-x11-2.0.so.0.2400.10
7f51d6128000-7f51d6328000 ---p 00432000 fe:03 1580138                    /usr/lib/x86_64-linux-gnu/libgtk-x11-2.0.so.0.2400.10
7f51d6328000-7f51d6333000 rw-p 00432000 fe:03 1580138                    /usr/lib/x86_64-linux-gnu/libgtk-x11-2.0.so.0.2400.10
7f51d6333000-7f51d6335000 rw-p 00000000 00:00 0 
7f51d6335000-7f51d6338000 ---p 00000000 00:00 0 
7f51d6338000-7f51d6436000 rw-p 00000000 00:00 0 
7f51d6436000-7f51d643b000 r-xp 00000000 fe:03 1577075                    /usr/lib/x86_64-linux-gnu/libXfixes.so.3.1.0
7f51d643b000-7f51d663a000 ---p 00005000 fe:03 1577075                    /usr/lib/x86_64-linux-gnu/libXfixes.so.3.1.0
7f51d663a000-7f51d663b000 r--p 00004000 fe:03 1577075                    /usr/lib/x86_64-linux-gnu/libXfixes.so.3.1.0
7f51d663b000-7f51d663c000 rw-p 00005000 fe:03 1577075                    /usr/lib/x86_64-linux-gnu/libXfixes.so.3.1.0
7f51d663c000-7f51d6646000 r-xp 00000000 fe:03 1577080                    /usr/lib/x86_64-linux-gnu/libXcursor.so.1.0.2
7f51d6646000-7f51d6845000 ---p 0000a000 fe:03 1577080                    /usr/lib/x86_64-linux-gnu/libXcursor.so.1.0.2
7f51d6845000-7f51d6846000 rw-p 00009000 fe:03 1577080                    /usr/lib/x86_64-linux-gnu/libXcursor.so.1.0.2
7f51d6846000-7f51d6849000 ---p 00000000 00:00 0 
7f51d6849000-7f51d6947000 rw-p 00000000 00:00 0 
7f51d6947000-7f51d694c000 r-xp 00000000 fe:03 1573417                    /usr/lib/x86_64-linux-gnu/libXdmcp.so.6.0.0
7f51d694c000-7f51d6b4b000 ---p 00005000 fe:03 1573417                    /usr/lib/x86_64-linux-gnu/libXdmcp.so.6.0.0
7f51d6b4b000-7f51d6b4c000 rw-p 00004000 fe:03 1573417                    /usr/lib/x86_64-linux-gnu/libXdmcp.so.6.0.0
7f51d6b4c000-7f51d6b4e000 r-xp 00000000 fe:03 1573415                    /usr/lib/x86_64-linux-gnu/libXau.so.6.0.0
7f51d6b4e000-7f51d6d4e000 ---p 00002000 fe:03 1573415                    /usr/lib/x86_64-linux-gnu/libXau.so.6.0.0
7f51d6d4e000-7f51d6d4f000 rw-p 00002000 fe:03 1573415                    /usr/lib/x86_64-linux-gnu/libXau.so.6.0.0
7f51d6d4f000-7f51d6d6e000 r-xp 00000000 fe:03 1573419                    /usr/lib/x86_64-linux-gnu/libxcb.so.1.1.0
7f51d6d6e000-7f51d6f6d000 ---p 0001f000 fe:03 1573419                    /usr/lib/x86_64-linux-gnu/libxcb.so.1.1.0
7f51d6f6d000-7f51d6f6e000 r--p 0001e000 fe:03 1573419                    /usr/lib/x86_64-linux-gnu/libxcb.so.1.1.0
7f51d6f6e000-7f51d6f6f000 rw-p 0001f000 fe:03 1573419                    /usr/lib/x86_64-linux-gnu/libxcb.so.1.1.0
7f51d6f6f000-7f51d6f7d000 r-xp 00000000 fe:03 1577092                    /usr/lib/x86_64-linux-gnu/libXi.so.6.1.0
7f51d6f7d000-7f51d717d000 ---p 0000e000 fe:03 1577092                    /usr/lib/x86_64-linux-gnu/libXi.so.6.1.0
7f51d717d000-7f51d717e000 rw-p 0000e000 fe:03 1577092                    /usr/lib/x86_64-linux-gnu/libXi.so.6.1.0
7f51d717e000-7f51d7183000 r-xp 00000000 fe:03 1577770                    /usr/lib/x86_64-linux-gnu/libXtst.so.6.1.0
7f51d7183000-7f51d7382000 ---p 00005000 fe:03 1577770                    /usr/lib/x86_64-linux-gnu/libXtst.so.6.1.0
7f51d7382000-7f51d7383000 rw-p 00004000 fe:03 1577770                    /usr/lib/x86_64-linux-gnu/libXtst.so.6.1.0
7f51d7383000-7f51d738c000 r-xp 00000000 fe:03 1576924                    /usr/lib/x86_64-linux-gnu/libXrender.so.1.3.0
7f51d738c000-7f51d758b000 ---p 00009000 fe:03 1576924                    /usr/lib/x86_64-linux-gnu/libXrender.so.1.3.0
7f51d758b000-7f51d758c000 rw-p 00008000 fe:03 1576924                    /usr/lib/x86_64-linux-gnu/libXrender.so.1.3.0
7f51d758c000-7f51d76c1000 r-xp 00000000 fe:03 1573427                    /usr/lib/x86_64-linux-gnu/libX11.so.6.3.0
7f51d76c1000-7f51d78c1000 ---p 00135000 fe:03 1573427                    /usr/lib/x86_64-linux-gnu/libX11.so.6.3.0
7f51d78c1000-7f51d78c7000 rw-p 00135000 fe:03 1573427                    /usr/lib/x86_64-linux-gnu/libX11.so.6.3.0
7f51d78c7000-7f51d78d8000 r-xp 00000000 fe:03 1573947                    /usr/lib/x86_64-linux-gnu/libXext.so.6.4.0
7f51d78d8000-7f51d7ad8000 ---p 00011000 fe:03 1573947                    /usr/lib/x86_64-linux-gnu/libXext.so.6.4.0
7f51d7ad8000-7f51d7ad9000 rw-p 00011000 fe:03 1573947                    /usr/lib/x86_64-linux-gnu/libXext.so.6.4.0
7f51d7ad9000-7f51d7b29000 r-xp 00000000 00:16 164837518                  /gpfs/main/research/java/linux/jdk1.7.0_21_x64/jre/lib/amd64/xawt/libmawt.so
7f51d7b29000-7f51d7d29000 ---p 00050000 00:16 164837518                  /gpfs/main/research/java/linux/jdk1.7.0_21_x64/jre/lib/amd64/xawt/libmawt.so
7f51d7d29000-7f51d7d2d000 rw-p 00050000 00:16 164837518                  /gpfs/main/research/java/linux/jdk1.7.0_21_x64/jre/lib/amd64/xawt/libmawt.so
7f51d7d2d000-7f51d7d2e000 rw-p 00000000 00:00 0 
7f51d7d2e000-7f51d7dd0000 r-xp 00000000 00:16 164837436                  /gpfs/main/research/java/linux/jdk1.7.0_21_x64/jre/lib/amd64/libawt.so
7f51d7dd0000-7f51d7fd0000 ---p 000a2000 00:16 164837436                  /gpfs/main/research/java/linux/jdk1.7.0_21_x64/jre/lib/amd64/libawt.so
7f51d7fd0000-7f51d7fdc000 rw-p 000a2000 00:16 164837436                  /gpfs/main/research/java/linux/jdk1.7.0_21_x64/jre/lib/amd64/libawt.so
7f51d7fdc000-7f51d8000000 rw-p 00000000 00:00 0 
7f51d8000000-7f51d89bc000 rw-p 00000000 00:00 0 
7f51d89bc000-7f51dc000000 ---p 00000000 00:00 0 
7f51dc00c000-7f51dc010000 r--s 00000000 fe:01 1048974                    /var/cache/fontconfig/7ef2298fde41cc6eeb7af42e48b7d293-le64.cache-3
7f51dc0ba000-7f51dc0eb000 rw-p 00000000 00:00 0 
7f51dc0eb000-7f51dc0ec000 ---p 00000000 00:00 0 
7f51dc0ec000-7f51dc1ec000 rw-p 00000000 00:00 0 
7f51dc1ec000-7f51dc1ef000 ---p 00000000 00:00 0 
7f51dc1ef000-7f51dc2ed000 rw-p 00000000 00:00 0 
7f51dc2ed000-7f51dc2f0000 ---p 00000000 00:00 0 
7f51dc2f0000-7f51dc3ee000 rw-p 00000000 00:00 0 
7f51dc3ee000-7f51dc3f1000 ---p 00000000 00:00 0 
7f51dc3f1000-7f51dc4ef000 rw-p 00000000 00:00 0 
7f51dc4ef000-7f51dc4f2000 ---p 00000000 00:00 0 
7f51dc4f2000-7f51dc5f0000 rw-p 00000000 00:00 0 
7f51dc5f0000-7f51dc5f3000 ---p 00000000 00:00 0 
7f51dc5f3000-7f51dc6f1000 rw-p 00000000 00:00 0 
7f51dc6f1000-7f51dc6f4000 ---p 00000000 00:00 0 
7f51dc6f4000-7f51dc7f2000 rw-p 00000000 00:00 0 
7f51dc7f2000-7f51dc7f3000 ---p 00000000 00:00 0 
7f51dc7f3000-7f51dd917000 rw-p 00000000 00:00 0 
7f51dd917000-7f51ddad4000 r--s 039de000 00:16 164837554                  /gpfs/main/research/java/linux/jdk1.7.0_21_x64/jre/lib/rt.jar
7f51ddad4000-7f51e04c8000 rw-p 00000000 00:00 0 
7f51e04c8000-7f51e04c9000 ---p 00000000 00:00 0 
7f51e04c9000-7f51e05c9000 rw-p 00000000 00:00 0 
7f51e05c9000-7f51e05ca000 ---p 00000000 00:00 0 
7f51e05ca000-7f51e06ca000 rw-p 00000000 00:00 0 
7f51e06ca000-7f51e06cb000 ---p 00000000 00:00 0 
7f51e06cb000-7f51e07cb000 rw-p 00000000 00:00 0 
7f51e07cb000-7f51e07cc000 ---p 00000000 00:00 0 
7f51e07cc000-7f51e08e1000 rw-p 00000000 00:00 0 
7f51e08e1000-7f51e0a17000 rw-p 00000000 00:00 0 
7f51e0a17000-7f51e0a22000 rw-p 00000000 00:00 0 
7f51e0a22000-7f51e0a40000 rw-p 00000000 00:00 0 
7f51e0a40000-7f51e0a55000 rw-p 00000000 00:00 0 
7f51e0a55000-7f51e0b8a000 rw-p 00000000 00:00 0 
7f51e0b8a000-7f51e0b9d000 rw-p 00000000 00:00 0 
7f51e0b9d000-7f51e0c30000 rw-p 00000000 00:00 0 
7f51e0c30000-7f51e0c3b000 rw-p 00000000 00:00 0 
7f51e0c3b000-7f51e0cf1000 rw-p 00000000 00:00 0 
7f51e0cf1000-7f51e0f61000 rwxp 00000000 00:00 0 
7f51e0f61000-7f51e3cf1000 rw-p 00000000 00:00 0 
7f51e3cf1000-7f51e3d0b000 r-xp 00000000 00:16 164837536                  /gpfs/main/research/java/linux/jdk1.7.0_21_x64/jre/lib/amd64/libzip.so
7f51e3d0b000-7f51e3f0b000 ---p 0001a000 00:16 164837536                  /gpfs/main/research/java/linux/jdk1.7.0_21_x64/jre/lib/amd64/libzip.so
7f51e3f0b000-7f51e3f0c000 rw-p 0001a000 00:16 164837536                  /gpfs/main/research/java/linux/jdk1.7.0_21_x64/jre/lib/amd64/libzip.so
7f51e3f0c000-7f51e3f35000 r-xp 00000000 00:16 164837484                  /gpfs/main/research/java/linux/jdk1.7.0_21_x64/jre/lib/amd64/libjava.so
7f51e3f35000-7f51e4135000 ---p 00029000 00:16 164837484                  /gpfs/main/research/java/linux/jdk1.7.0_21_x64/jre/lib/amd64/libjava.so
7f51e4135000-7f51e4137000 rw-p 00029000 00:16 164837484                  /gpfs/main/research/java/linux/jdk1.7.0_21_x64/jre/lib/amd64/libjava.so
7f51e4137000-7f51e4144000 r-xp 00000000 00:16 164837478                  /gpfs/main/research/java/linux/jdk1.7.0_21_x64/jre/lib/amd64/libverify.so
7f51e4144000-7f51e4343000 ---p 0000d000 00:16 164837478                  /gpfs/main/research/java/linux/jdk1.7.0_21_x64/jre/lib/amd64/libverify.so
7f51e4343000-7f51e4345000 rw-p 0000c000 00:16 164837478                  /gpfs/main/research/java/linux/jdk1.7.0_21_x64/jre/lib/amd64/libverify.so
7f51e4345000-7f51e434c000 r-xp 00000000 fe:00 2274                       /lib/x86_64-linux-gnu/librt-2.13.so
7f51e434c000-7f51e454b000 ---p 00007000 fe:00 2274                       /lib/x86_64-linux-gnu/librt-2.13.so
7f51e454b000-7f51e454c000 r--p 00006000 fe:00 2274                       /lib/x86_64-linux-gnu/librt-2.13.so
7f51e454c000-7f51e454d000 rw-p 00007000 fe:00 2274                       /lib/x86_64-linux-gnu/librt-2.13.so
7f51e454d000-7f51e45ce000 r-xp 00000000 fe:00 2217                       /lib/x86_64-linux-gnu/libm-2.13.so
7f51e45ce000-7f51e47cd000 ---p 00081000 fe:00 2217                       /lib/x86_64-linux-gnu/libm-2.13.so
7f51e47cd000-7f51e47ce000 r--p 00080000 fe:00 2217                       /lib/x86_64-linux-gnu/libm-2.13.so
7f51e47ce000-7f51e47cf000 rw-p 00081000 fe:00 2217                       /lib/x86_64-linux-gnu/libm-2.13.so
7f51e47cf000-7f51e5219000 r-xp 00000000 00:16 164837493                  /gpfs/main/research/java/linux/jdk1.7.0_21_x64/jre/lib/amd64/server/libjvm.so
7f51e5219000-7f51e5418000 ---p 00a4a000 00:16 164837493                  /gpfs/main/research/java/linux/jdk1.7.0_21_x64/jre/lib/amd64/server/libjvm.so
7f51e5418000-7f51e54bc000 rw-p 00a49000 00:16 164837493                  /gpfs/main/research/java/linux/jdk1.7.0_21_x64/jre/lib/amd64/server/libjvm.so
7f51e54bc000-7f51e54f7000 rw-p 00000000 00:00 0 
7f51e54f7000-7f51e5679000 r-xp 00000000 fe:00 2155                       /lib/x86_64-linux-gnu/libc-2.13.so
7f51e5679000-7f51e5878000 ---p 00182000 fe:00 2155                       /lib/x86_64-linux-gnu/libc-2.13.so
7f51e5878000-7f51e587c000 r--p 00181000 fe:00 2155                       /lib/x86_64-linux-gnu/libc-2.13.so
7f51e587c000-7f51e587d000 rw-p 00185000 fe:00 2155                       /lib/x86_64-linux-gnu/libc-2.13.so
7f51e587d000-7f51e5882000 rw-p 00000000 00:00 0 
7f51e5882000-7f51e5884000 r-xp 00000000 fe:00 2251                       /lib/x86_64-linux-gnu/libdl-2.13.so
7f51e5884000-7f51e5a84000 ---p 00002000 fe:00 2251                       /lib/x86_64-linux-gnu/libdl-2.13.so
7f51e5a84000-7f51e5a85000 r--p 00002000 fe:00 2251                       /lib/x86_64-linux-gnu/libdl-2.13.so
7f51e5a85000-7f51e5a86000 rw-p 00003000 fe:00 2251                       /lib/x86_64-linux-gnu/libdl-2.13.so
7f51e5a86000-7f51e5a9c000 r-xp 00000000 00:16 164837429                  /gpfs/main/research/java/linux/jdk1.7.0_21_x64/jre/lib/amd64/jli/libjli.so
7f51e5a9c000-7f51e5c9c000 ---p 00016000 00:16 164837429                  /gpfs/main/research/java/linux/jdk1.7.0_21_x64/jre/lib/amd64/jli/libjli.so
7f51e5c9c000-7f51e5c9d000 rw-p 00016000 00:16 164837429                  /gpfs/main/research/java/linux/jdk1.7.0_21_x64/jre/lib/amd64/jli/libjli.so
7f51e5c9d000-7f51e5cb4000 r-xp 00000000 fe:00 2269                       /lib/x86_64-linux-gnu/libpthread-2.13.so
7f51e5cb4000-7f51e5eb3000 ---p 00017000 fe:00 2269                       /lib/x86_64-linux-gnu/libpthread-2.13.so
7f51e5eb3000-7f51e5eb4000 r--p 00016000 fe:00 2269                       /lib/x86_64-linux-gnu/libpthread-2.13.so
7f51e5eb4000-7f51e5eb5000 rw-p 00017000 fe:00 2269                       /lib/x86_64-linux-gnu/libpthread-2.13.so
7f51e5eb5000-7f51e5eb9000 rw-p 00000000 00:00 0 
7f51e5eb9000-7f51e5ed9000 r-xp 00000000 fe:00 2279                       /lib/x86_64-linux-gnu/ld-2.13.so
7f51e5ef1000-7f51e5f19000 rw-p 00000000 00:00 0 
7f51e5f19000-7f51e5f9c000 r--s 00000000 00:0e 6550                       /run/nscd/dbmQ7utH (deleted)
7f51e5f9c000-7f51e5f9f000 ---p 00000000 00:00 0 
7f51e5f9f000-7f51e60a1000 rw-p 00000000 00:00 0 
7f51e60a1000-7f51e60a3000 r--s 00000000 fe:01 1048748                    /var/cache/fontconfig/452f1fac34b224105d7acfae3034bcd5-le64.cache-3
7f51e60a3000-7f51e60ae000 rw-p 00000000 00:00 0 
7f51e60ae000-7f51e60cc000 rw-p 00000000 00:00 0 
7f51e60cc000-7f51e60d4000 rw-s 00000000 fe:04 450                        /tmp/hsperfdata_mmkaplan/365
7f51e60d4000-7f51e60d5000 rw-p 00000000 00:00 0 
7f51e60d5000-7f51e60d6000 r--p 00000000 00:00 0 
7f51e60d6000-7f51e60d8000 rw-p 00000000 00:00 0 
7f51e60d8000-7f51e60d9000 r--p 0001f000 fe:00 2279                       /lib/x86_64-linux-gnu/ld-2.13.so
7f51e60d9000-7f51e60da000 rw-p 00020000 fe:00 2279                       /lib/x86_64-linux-gnu/ld-2.13.so
7f51e60da000-7f51e60db000 rw-p 00000000 00:00 0 
7fff0d4df000-7fff0d500000 rw-p 00000000 00:00 0                          [stack]
7fff0d5f7000-7fff0d5f8000 r-xp 00000000 00:00 0                          [vdso]
ffffffffff600000-ffffffffff601000 r-xp 00000000 00:00 0                  [vsyscall]

VM Arguments:
jvm_args: -Dfile.encoding=ANSI_X3.4-1968 
java_command: gui.TestFrontEnd
Launcher Type: SUN_STANDARD

Environment Variables:
JAVA_HOME=/pro/java/linux/jdk1.7_x64
PATH=/pro/java/linux/jdk1.7_x64/bin:/local/bin:/usr/local/bin:/bin:/usr/bin:/usr/X11R6/bin:/usr/games:/contrib/bin:/course/cs032/bin:/course/cs157/bin:/course/cs033/bin
SHELL=/bin/bash
DISPLAY=:1.0

Signal Handlers:
SIGSEGV: [libjvm.so+0x8a80e0], sa_mask[0]=0x7ffbfeff, sa_flags=0x10000004
SIGBUS: [libjvm.so+0x8a80e0], sa_mask[0]=0x7ffbfeff, sa_flags=0x10000004
SIGFPE: [libjvm.so+0x744170], sa_mask[0]=0x7ffbfeff, sa_flags=0x10000004
SIGPIPE: SIG_IGN, sa_mask[0]=0x00001000, sa_flags=0x10000000
SIGXFSZ: [libjvm.so+0x744170], sa_mask[0]=0x7ffbfeff, sa_flags=0x10000004
SIGILL: [libjvm.so+0x744170], sa_mask[0]=0x7ffbfeff, sa_flags=0x10000004
SIGUSR1: SIG_DFL, sa_mask[0]=0x00000000, sa_flags=0x00000000
SIGUSR2: [libjvm.so+0x743ac0], sa_mask[0]=0x00000004, sa_flags=0x10000004
SIGHUP: [libjvm.so+0x745e50], sa_mask[0]=0x7ffbfeff, sa_flags=0x10000004
SIGINT: [libjvm.so+0x745e50], sa_mask[0]=0x7ffbfeff, sa_flags=0x10000004
SIGTERM: [libjvm.so+0x745e50], sa_mask[0]=0x7ffbfeff, sa_flags=0x10000004
SIGQUIT: [libjvm.so+0x745e50], sa_mask[0]=0x7ffbfeff, sa_flags=0x10000004


---------------  S Y S T E M  ---------------

OS:7.4

uname:Linux 3.2.0-4-amd64 #1 SMP Debian 3.2.54-2 x86_64
libc:glibc 2.13 NPTL 2.13 
rlimit: STACK 8192k, CORE 0k, NPROC 31641, NOFILE 4096, AS infinity
load average:0.65 0.59 0.50

/proc/meminfo:
MemTotal:        4062928 kB
MemFree:          229228 kB
Buffers:          210824 kB
Cached:          1769140 kB
SwapCached:         7880 kB
Active:          1866760 kB
Inactive:        1611720 kB
Active(anon):     993064 kB
Inactive(anon):   526300 kB
Active(file):     873696 kB
Inactive(file):  1085420 kB
Unevictable:          32 kB
Mlocked:              32 kB
SwapTotal:       8388604 kB
SwapFree:        8345032 kB
Dirty:               188 kB
Writeback:             0 kB
AnonPages:       1495344 kB
Mapped:           204952 kB
Shmem:             20848 kB
Slab:             236368 kB
SReclaimable:     191660 kB
SUnreclaim:        44708 kB
KernelStack:        5664 kB
PageTables:        45884 kB
NFS_Unstable:          0 kB
Bounce:                0 kB
WritebackTmp:          0 kB
CommitLimit:    10420068 kB
Committed_AS:    5139104 kB
VmallocTotal:   34359738367 kB
VmallocUsed:      318608 kB
VmallocChunk:   34359410684 kB
HardwareCorrupted:     0 kB
AnonHugePages:         0 kB
HugePages_Total:       0
HugePages_Free:        0
HugePages_Rsvd:        0
HugePages_Surp:        0
Hugepagesize:       2048 kB
DirectMap4k:     3169856 kB
DirectMap2M:     1024000 kB


CPU:total 4 (4 cores per cpu, 1 threads per core) family 6 model 15 stepping 11, cmov, cx8, fxsr, mmx, sse, sse2, sse3, ssse3, tsc

/proc/cpuinfo:
processor	: 0
vendor_id	: GenuineIntel
cpu family	: 6
model		: 15
model name	: Intel(R) Core(TM)2 Quad CPU    Q6600  @ 2.40GHz
stepping	: 11
microcode	: 0xb6
cpu MHz		: 2399.873
cache size	: 4096 KB
physical id	: 0
siblings	: 4
core id		: 0
cpu cores	: 4
apicid		: 0
initial apicid	: 0
fpu		: yes
fpu_exception	: yes
cpuid level	: 10
wp		: yes
flags		: fpu vme de pse tsc msr pae mce cx8 apic sep mtrr pge mca cmov pat pse36 clflush dts acpi mmx fxsr sse sse2 ss ht tm pbe syscall nx lm constant_tsc arch_perfmon pebs bts rep_good nopl aperfmperf pni dtes64 monitor ds_cpl vmx est tm2 ssse3 cx16 xtpr pdcm lahf_lm dtherm tpr_shadow vnmi flexpriority
bogomips	: 4799.74
clflush size	: 64
cache_alignment	: 64
address sizes	: 36 bits physical, 48 bits virtual
power management:

processor	: 1
vendor_id	: GenuineIntel
cpu family	: 6
model		: 15
model name	: Intel(R) Core(TM)2 Quad CPU    Q6600  @ 2.40GHz
stepping	: 11
microcode	: 0xb6
cpu MHz		: 2399.873
cache size	: 4096 KB
physical id	: 0
siblings	: 4
core id		: 1
cpu cores	: 4
apicid		: 1
initial apicid	: 1
fpu		: yes
fpu_exception	: yes
cpuid level	: 10
wp		: yes
flags		: fpu vme de pse tsc msr pae mce cx8 apic sep mtrr pge mca cmov pat pse36 clflush dts acpi mmx fxsr sse sse2 ss ht tm pbe syscall nx lm constant_tsc arch_perfmon pebs bts rep_good nopl aperfmperf pni dtes64 monitor ds_cpl vmx est tm2 ssse3 cx16 xtpr pdcm lahf_lm dtherm tpr_shadow vnmi flexpriority
bogomips	: 4800.30
clflush size	: 64
cache_alignment	: 64
address sizes	: 36 bits physical, 48 bits virtual
power management:

processor	: 2
vendor_id	: GenuineIntel
cpu family	: 6
model		: 15
model name	: Intel(R) Core(TM)2 Quad CPU    Q6600  @ 2.40GHz
stepping	: 11
microcode	: 0xb6
cpu MHz		: 2399.873
cache size	: 4096 KB
physical id	: 0
siblings	: 4
core id		: 2
cpu cores	: 4
apicid		: 2
initial apicid	: 2
fpu		: yes
fpu_exception	: yes
cpuid level	: 10
wp		: yes
flags		: fpu vme de pse tsc msr pae mce cx8 apic sep mtrr pge mca cmov pat pse36 clflush dts acpi mmx fxsr sse sse2 ss ht tm pbe syscall nx lm constant_tsc arch_perfmon pebs bts rep_good nopl aperfmperf pni dtes64 monitor ds_cpl vmx est tm2 ssse3 cx16 xtpr pdcm lahf_lm dtherm tpr_shadow vnmi flexpriority
bogomips	: 4800.36
clflush size	: 64
cache_alignment	: 64
address sizes	: 36 bits physical, 48 bits virtual
power management:

processor	: 3
vendor_id	: GenuineIntel
cpu family	: 6
model		: 15
model name	: Intel(R) Core(TM)2 Quad CPU    Q6600  @ 2.40GHz
stepping	: 11
microcode	: 0xb6
cpu MHz		: 2399.873
cache size	: 4096 KB
physical id	: 0
siblings	: 4
core id		: 3
cpu cores	: 4
apicid		: 3
initial apicid	: 3
fpu		: yes
fpu_exception	: yes
cpuid level	: 10
wp		: yes
flags		: fpu vme de pse tsc msr pae mce cx8 apic sep mtrr pge mca cmov pat pse36 clflush dts acpi mmx fxsr sse sse2 ss ht tm pbe syscall nx lm constant_tsc arch_perfmon pebs bts rep_good nopl aperfmperf pni dtes64 monitor ds_cpl vmx est tm2 ssse3 cx16 xtpr pdcm lahf_lm dtherm tpr_shadow vnmi flexpriority
bogomips	: 4800.32
clflush size	: 64
cache_alignment	: 64
address sizes	: 36 bits physical, 48 bits virtual
power management:



Memory: 4k page, physical 4062928k(229228k free), swap 8388604k(8345032k free)

vm_info: Java HotSpot(TM) 64-Bit Server VM (23.21-b01) for linux-amd64 JRE (1.7.0_21-b11), built on Apr  4 2013 04:03:29 by "java_re" with gcc 4.3.0 20080428 (Red Hat 4.3.0-8)

time: Fri Apr 11 17:06:59 2014
elapsed time: 3 seconds

